<?xml version="1.0" encoding="UTF-8"?>
<!-- Generated by org.testng.reporters.JUnitReportReporter -->
<testsuite hostname="LAPTOP-QEBG48FK" name="hinder.Hinder1" tests="2" failures="0" timestamp="28 Aug 2019 06:36:59 GMT" time="47.199" errors="0">
  <testcase name="hello" time="25.292" classname="hinder.Hinder1"/>
  <testcase name="run" time="21.907" classname="hinder.Hinder1"/>
</testsuite> <!-- hinder.Hinder1 -->
